2026-03-17 18:45:15,445 - root - INFO - Bot en línea y operando. Comandos registrados correctamente.
2026-03-17 18:45:16,461 - apscheduler.scheduler - INFO - Adding job tentatively -- it will be properly scheduled when the scheduler starts
2026-03-17 18:45:16,730 - httpx - INFO - HTTP Request: POST https://api.telegram.org/bot8691224403:AAGEoY0L8M0tKdc8gBBW7rNywbG4_ebN4cU/getMe "HTTP/1.1 200 OK"
2026-03-17 18:45:16,782 - httpx - INFO - HTTP Request: POST https://api.telegram.org/bot8691224403:AAGEoY0L8M0tKdc8gBBW7rNywbG4_ebN4cU/deleteWebhook "HTTP/1.1 200 OK"
2026-03-17 18:45:16,786 - apscheduler.scheduler - INFO - Added job "chequear_feed_periodico" to job store "default"
2026-03-17 18:45:16,786 - apscheduler.scheduler - INFO - Scheduler started
2026-03-17 18:45:16,787 - telegram.ext.Application - INFO - Application started
2026-03-17 18:45:26,460 - apscheduler.executors.default - INFO - Running job "chequear_feed_periodico (trigger: interval[0:01:00], next run at: 2026-03-17 17:46:26 UTC)" (scheduled at 2026-03-17 17:45:26.454071+00:00)
2026-03-17 18:45:27,432 - apscheduler.executors.default - INFO - Job "chequear_feed_periodico (trigger: interval[0:01:00], next run at: 2026-03-17 17:46:26 UTC)" executed successfully
2026-03-17 18:45:27,433 - httpx - INFO - HTTP Request: POST https://api.telegram.org/bot8691224403:AAGEoY0L8M0tKdc8gBBW7rNywbG4_ebN4cU/getUpdates "HTTP/1.1 200 OK"
2026-03-17 18:45:37,488 - httpx - INFO - HTTP Request: POST https://api.telegram.org/bot8691224403:AAGEoY0L8M0tKdc8gBBW7rNywbG4_ebN4cU/getUpdates "HTTP/1.1 200 OK"
2026-03-17 18:45:41,529 - httpx - INFO - HTTP Request: POST https://api.telegram.org/bot8691224403:AAGEoY0L8M0tKdc8gBBW7rNywbG4_ebN4cU/getUpdates "HTTP/1.1 200 OK"
2026-03-17 18:45:41,709 - httpx - INFO - HTTP Request: POST https://api.telegram.org/bot8691224403:AAGEoY0L8M0tKdc8gBBW7rNywbG4_ebN4cU/sendMessage "HTTP/1.1 200 OK"
2026-03-17 18:45:48,614 - httpx - INFO - HTTP Request: POST https://api.telegram.org/bot8691224403:AAGEoY0L8M0tKdc8gBBW7rNywbG4_ebN4cU/getUpdates "HTTP/1.1 200 OK"
2026-03-17 18:45:51,596 - httpx - INFO - HTTP Request: POST https://api.telegram.org/bot8691224403:AAGEoY0L8M0tKdc8gBBW7rNywbG4_ebN4cU/getUpdates "HTTP/1.1 200 OK"
2026-03-17 18:45:54,462 - httpx - INFO - HTTP Request: POST https://api.telegram.org/bot8691224403:AAGEoY0L8M0tKdc8gBBW7rNywbG4_ebN4cU/getUpdates "HTTP/1.1 200 OK"
2026-03-17 18:45:54,630 - httpx - INFO - HTTP Request: POST https://api.telegram.org/bot8691224403:AAGEoY0L8M0tKdc8gBBW7rNywbG4_ebN4cU/sendMessage "HTTP/1.1 200 OK"
2026-03-17 18:46:01,065 - httpx - INFO - HTTP Request: POST https://api.telegram.org/bot8691224403:AAGEoY0L8M0tKdc8gBBW7rNywbG4_ebN4cU/getUpdates "HTTP/1.1 200 OK"
2026-03-17 18:46:01,245 - httpx - INFO - HTTP Request: POST https://api.telegram.org/bot8691224403:AAGEoY0L8M0tKdc8gBBW7rNywbG4_ebN4cU/sendMessage "HTTP/1.1 200 OK"
2026-03-17 18:46:01,318 - root - ERROR - Ocurrió un error grave en obtener_precio_actual: Failed to perform, curl: (6) Could not resolve host: de. See https://curl.se/libcurl/c/libcurl-errors.html first for more details.
2026-03-17 18:46:01,416 - httpx - INFO - HTTP Request: POST https://api.telegram.org/bot8691224403:AAGEoY0L8M0tKdc8gBBW7rNywbG4_ebN4cU/sendMessage "HTTP/1.1 200 OK"
2026-03-17 18:46:11,122 - httpx - INFO - HTTP Request: POST https://api.telegram.org/bot8691224403:AAGEoY0L8M0tKdc8gBBW7rNywbG4_ebN4cU/getUpdates "HTTP/1.1 200 OK"
2026-03-17 18:46:12,462 - httpx - INFO - HTTP Request: POST https://api.telegram.org/bot8691224403:AAGEoY0L8M0tKdc8gBBW7rNywbG4_ebN4cU/getUpdates "HTTP/1.1 200 OK"
2026-03-17 18:46:12,660 - httpx - INFO - HTTP Request: POST https://api.telegram.org/bot8691224403:AAGEoY0L8M0tKdc8gBBW7rNywbG4_ebN4cU/sendMessage "HTTP/1.1 200 OK"
2026-03-17 18:46:12,685 - root - ERROR - Ocurrió un error grave en obtener_precio_actual: Failed to perform, curl: (6) Could not resolve host: dybala. See https://curl.se/libcurl/c/libcurl-errors.html first for more details.
2026-03-17 18:46:12,760 - httpx - INFO - HTTP Request: POST https://api.telegram.org/bot8691224403:AAGEoY0L8M0tKdc8gBBW7rNywbG4_ebN4cU/sendMessage "HTTP/1.1 200 OK"
2026-03-17 18:46:22,521 - httpx - INFO - HTTP Request: POST https://api.telegram.org/bot8691224403:AAGEoY0L8M0tKdc8gBBW7rNywbG4_ebN4cU/getUpdates "HTTP/1.1 200 OK"
2026-03-17 18:46:26,461 - apscheduler.executors.default - INFO - Running job "chequear_feed_periodico (trigger: interval[0:01:00], next run at: 2026-03-17 17:47:26 UTC)" (scheduled at 2026-03-17 17:46:26.454071+00:00)
2026-03-17 18:46:27,352 - apscheduler.executors.default - INFO - Job "chequear_feed_periodico (trigger: interval[0:01:00], next run at: 2026-03-17 17:47:26 UTC)" executed successfully
2026-03-17 18:46:32,576 - httpx - INFO - HTTP Request: POST https://api.telegram.org/bot8691224403:AAGEoY0L8M0tKdc8gBBW7rNywbG4_ebN4cU/getUpdates "HTTP/1.1 200 OK"
2026-03-17 18:46:35,813 - httpx - INFO - HTTP Request: POST https://api.telegram.org/bot8691224403:AAGEoY0L8M0tKdc8gBBW7rNywbG4_ebN4cU/getUpdates "HTTP/1.1 200 OK"
2026-03-17 18:46:35,814 - telegram.ext.Application - INFO - Application is stopping. This might take a moment.
2026-03-17 18:46:35,814 - apscheduler.scheduler - INFO - Scheduler has been shut down
2026-03-17 18:46:35,837 - telegram.ext.Application - INFO - Application.stop() complete
